0 info it worked if it ends with ok
1 verbose cli [ '/Volumes/ProdigyRaiderPRO2/Users/macgeekalex/.nvm/versions/node/v6.1.0/bin/node',
1 verbose cli   '/Volumes/ProdigyRaiderPRO2/Users/macgeekalex/.nvm/versions/node/v6.1.0/bin/npm',
1 verbose cli   'start' ]
2 info using npm@3.8.6
3 info using node@v6.1.0
4 verbose run-script [ 'prestart', 'start', 'poststart' ]
5 info lifecycle node-markdown@1.0.0~prestart: node-markdown@1.0.0
6 silly lifecycle node-markdown@1.0.0~prestart: no script for prestart, continuing
7 info lifecycle node-markdown@1.0.0~start: node-markdown@1.0.0
8 verbose lifecycle node-markdown@1.0.0~start: unsafe-perm in lifecycle true
9 verbose lifecycle node-markdown@1.0.0~start: PATH: /Volumes/ProdigyRaiderPRO2/Users/macgeekalex/.nvm/versions/node/v6.1.0/lib/node_modules/npm/bin/node-gyp-bin:/Volumes/ProdigyRaiderPRO2/Users/macgeekalex/Documents/Cloud/Google Drive/Code/node-markdown/node_modules/.bin:/Volumes/ProdigyRaiderPRO2/Users/macgeekalex/.nvm/versions/node/v6.1.0/bin:/Volumes/ProdigyRaiderPRO2/Users/macgeekalex/.nvm/versions/node/v6.1.0/bin:/Volumes/ProdigyRaiderPRO2/Users/macgeekalex/.rbenv/shims:/Volumes/ProdigyRaiderPRO2/Users/macgeekalex/ruby1.9.3-with-tk/bin:/Volumes/ProdigyRaiderPRO2/Users/macgeekalex/Library/Python/3.5/bin:/Volumes/ProdigyRaiderPRO2/Users/macgeekalex/.rbenv/shims:/Volumes/ProdigyRaiderPRO2/Users/macgeekalex/ruby1.9.3-with-tk/bin:/usr/local/git/bin:/usr/local/bin:/usr/bin:/bin:/usr/sbin:/sbin
10 verbose lifecycle node-markdown@1.0.0~start: CWD: /Volumes/ProdigyRaiderPRO2/Users/macgeekalex/Documents/Cloud/Google Drive/Code/node-markdown
11 silly lifecycle node-markdown@1.0.0~start: Args: [ '-c', 'node ./bin/www' ]
12 silly lifecycle node-markdown@1.0.0~start: Returned: code: 1  signal: null
13 info lifecycle node-markdown@1.0.0~start: Failed to exec start script
14 verbose stack Error: node-markdown@1.0.0 start: `node ./bin/www`
14 verbose stack Exit status 1
14 verbose stack     at EventEmitter.<anonymous> (/Volumes/ProdigyRaiderPRO2/Users/macgeekalex/.nvm/versions/node/v6.1.0/lib/node_modules/npm/lib/utils/lifecycle.js:239:16)
14 verbose stack     at emitTwo (events.js:106:13)
14 verbose stack     at EventEmitter.emit (events.js:191:7)
14 verbose stack     at ChildProcess.<anonymous> (/Volumes/ProdigyRaiderPRO2/Users/macgeekalex/.nvm/versions/node/v6.1.0/lib/node_modules/npm/lib/utils/spawn.js:24:14)
14 verbose stack     at emitTwo (events.js:106:13)
14 verbose stack     at ChildProcess.emit (events.js:191:7)
14 verbose stack     at maybeClose (internal/child_process.js:850:16)
14 verbose stack     at Process.ChildProcess._handle.onexit (internal/child_process.js:215:5)
15 verbose pkgid node-markdown@1.0.0
16 verbose cwd /Volumes/ProdigyRaiderPRO2/Users/macgeekalex/Documents/Cloud/Google Drive/Code/node-markdown
17 error Darwin 14.5.0
18 error argv "/Volumes/ProdigyRaiderPRO2/Users/macgeekalex/.nvm/versions/node/v6.1.0/bin/node" "/Volumes/ProdigyRaiderPRO2/Users/macgeekalex/.nvm/versions/node/v6.1.0/bin/npm" "start"
19 error node v6.1.0
20 error npm  v3.8.6
21 error code ELIFECYCLE
22 error node-markdown@1.0.0 start: `node ./bin/www`
22 error Exit status 1
23 error Failed at the node-markdown@1.0.0 start script 'node ./bin/www'.
23 error Make sure you have the latest version of node.js and npm installed.
23 error If you do, this is most likely a problem with the node-markdown package,
23 error not with npm itself.
23 error Tell the author that this fails on your system:
23 error     node ./bin/www
23 error You can get information on how to open an issue for this project with:
23 error     npm bugs node-markdown
23 error Or if that isn't available, you can get their info via:
23 error     npm owner ls node-markdown
23 error There is likely additional logging output above.
24 verbose exit [ 1, true ]
